<?xml version="1.0" encoding="UTF-8"?>
<testsuite name="WallServiceTest" tests="3" skipped="0" failures="0" errors="0" timestamp="2022-10-31T19:49:23" hostname="DESKTOP-1M1A4OM" time="0.503">
  <properties/>
  <testcase name="add_IdChanged" classname="WallServiceTest" time="0.496"/>
  <testcase name="update_PostExist" classname="WallServiceTest" time="0.002"/>
  <testcase name="update_PostDoNotExist" classname="WallServiceTest" time="0.002"/>
  <system-out><![CDATA[]]></system-out>
  <system-err><![CDATA[]]></system-err>
</testsuite>
